<?xml version="1.0" encoding="UTF-8"?>
<coverage generated="1681353686831" clover="3.2.0">
  <project timestamp="1681353686831" name="All files">
    <metrics statements="45" coveredstatements="45" conditionals="10" coveredconditionals="10" methods="9" coveredmethods="9" elements="64" coveredelements="64" complexity="0" loc="45" ncloc="45" packages="1" files="1" classes="1"/>
    <file name="converter.js" path="C:\Users\CNOGJ7\Desktop\MD_HTML_Converter\src\converter.js">
      <metrics statements="45" coveredstatements="45" conditionals="10" coveredconditionals="10" methods="9" coveredmethods="9"/>
      <line num="1" count="1" type="stmt"/>
      <line num="2" count="1" type="stmt"/>
      <line num="3" count="1" type="stmt"/>
      <line num="5" count="1" type="stmt"/>
      <line num="10" count="1" type="stmt"/>
      <line num="15" count="18" type="stmt"/>
      <line num="16" count="18" type="stmt"/>
      <line num="17" count="18" type="cond" truecount="2" falsecount="0"/>
      <line num="18" count="1" type="stmt"/>
      <line num="19" count="1" type="stmt"/>
      <line num="21" count="17" type="stmt"/>
      <line num="22" count="17" type="stmt"/>
      <line num="23" count="17" type="stmt"/>
      <line num="24" count="17" type="stmt"/>
      <line num="25" count="17" type="stmt"/>
      <line num="26" count="21" type="stmt"/>
      <line num="29" count="21" type="stmt"/>
      <line num="31" count="17" type="stmt"/>
      <line num="37" count="21" type="stmt"/>
      <line num="38" count="21" type="cond" truecount="2" falsecount="0"/>
      <line num="39" count="14" type="stmt"/>
      <line num="40" count="21" type="stmt"/>
      <line num="41" count="21" type="stmt"/>
      <line num="47" count="21" type="stmt"/>
      <line num="48" count="21" type="stmt"/>
      <line num="49" count="21" type="stmt"/>
      <line num="50" count="21" type="cond" truecount="2" falsecount="0"/>
      <line num="52" count="8" type="stmt"/>
      <line num="53" count="8" type="stmt"/>
      <line num="54" count="8" type="cond" truecount="2" falsecount="0"/>
      <line num="56" count="21" type="stmt"/>
      <line num="60" count="14" type="stmt"/>
      <line num="64" count="7" type="stmt"/>
      <line num="65" count="7" type="cond" truecount="2" falsecount="0"/>
      <line num="66" count="7" type="stmt"/>
      <line num="67" count="7" type="stmt"/>
      <line num="68" count="7" type="stmt"/>
      <line num="69" count="7" type="stmt"/>
      <line num="74" count="21" type="stmt"/>
      <line num="75" count="21" type="stmt"/>
      <line num="76" count="21" type="stmt"/>
      <line num="78" count="21" type="stmt"/>
      <line num="79" count="21" type="stmt"/>
      <line num="83" count="21" type="stmt"/>
      <line num="85" count="1" type="stmt"/>
    </file>
  </project>
</coverage>
