{"C:\\Users\\CNOGJ7\\Desktop\\MD_HTML_Converter\\src\\converter.js": {"path":"C:\\Users\\CNOGJ7\\Desktop\\MD_HTML_Converter\\src\\converter.js","statementMap":{"0":{"start":{"line":1,"column":15},"end":{"line":1,"column":23}},"1":{"start":{"line":2,"column":18},"end":{"line":2,"column":29}},"2":{"start":{"line":3,"column":13},"end":{"line":3,"column":19}},"3":{"start":{"line":5,"column":22},"end":{"line":8,"column":6}},"4":{"start":{"line":10,"column":28},"end":{"line":12,"column":11}},"5":{"start":{"line":15,"column":1},"end":{"line":15,"column":32}},"6":{"start":{"line":16,"column":1},"end":{"line":16,"column":56}},"7":{"start":{"line":17,"column":1},"end":{"line":20,"column":2}},"8":{"start":{"line":18,"column":2},"end":{"line":18,"column":37}},"9":{"start":{"line":19,"column":2},"end":{"line":19,"column":12}},"10":{"start":{"line":21,"column":1},"end":{"line":21,"column":40}},"11":{"start":{"line":22,"column":18},"end":{"line":22,"column":20}},"12":{"start":{"line":23,"column":14},"end":{"line":23,"column":68}},"13":{"start":{"line":24,"column":1},"end":{"line":24,"column":31}},"14":{"start":{"line":25,"column":1},"end":{"line":30,"column":4}},"15":{"start":{"line":26,"column":16},"end":{"line":26,"column":31}},"16":{"start":{"line":29,"column":2},"end":{"line":29,"column":85}},"17":{"start":{"line":31,"column":1},"end":{"line":31,"column":19}},"18":{"start":{"line":37,"column":17},"end":{"line":37,"column":19}},"19":{"start":{"line":38,"column":1},"end":{"line":39,"column":28}},"20":{"start":{"line":38,"column":28},"end":{"line":38,"column":47}},"21":{"start":{"line":39,"column":6},"end":{"line":39,"column":28}},"22":{"start":{"line":40,"column":1},"end":{"line":40,"column":64}},"23":{"start":{"line":41,"column":1},"end":{"line":41,"column":18}},"24":{"start":{"line":47,"column":17},"end":{"line":47,"column":27}},"25":{"start":{"line":48,"column":1},"end":{"line":48,"column":38}},"26":{"start":{"line":49,"column":15},"end":{"line":49,"column":20}},"27":{"start":{"line":50,"column":1},"end":{"line":55,"column":2}},"28":{"start":{"line":52,"column":21},"end":{"line":52,"column":63}},"29":{"start":{"line":53,"column":18},"end":{"line":53,"column":59}},"30":{"start":{"line":54,"column":2},"end":{"line":54,"column":30}},"31":{"start":{"line":54,"column":15},"end":{"line":54,"column":30}},"32":{"start":{"line":56,"column":1},"end":{"line":56,"column":16}},"33":{"start":{"line":60,"column":1},"end":{"line":60,"column":51}},"34":{"start":{"line":64,"column":17},"end":{"line":64,"column":37}},"35":{"start":{"line":65,"column":20},"end":{"line":65,"column":49}},"36":{"start":{"line":66,"column":1},"end":{"line":66,"column":44}},"37":{"start":{"line":67,"column":17},"end":{"line":67,"column":63}},"38":{"start":{"line":68,"column":1},"end":{"line":68,"column":38}},"39":{"start":{"line":69,"column":1},"end":{"line":69,"column":85}},"40":{"start":{"line":74,"column":17},"end":{"line":74,"column":24}},"41":{"start":{"line":75,"column":1},"end":{"line":77,"column":4}},"42":{"start":{"line":76,"column":2},"end":{"line":76,"column":33}},"43":{"start":{"line":78,"column":1},"end":{"line":78,"column":56}},"44":{"start":{"line":79,"column":1},"end":{"line":79,"column":18}},"45":{"start":{"line":83,"column":1},"end":{"line":83,"column":70}},"46":{"start":{"line":85,"column":0},"end":{"line":87,"column":2}}},"fnMap":{"0":{"name":"getHtmlText","decl":{"start":{"line":14,"column":9},"end":{"line":14,"column":20}},"loc":{"start":{"line":14,"column":32},"end":{"line":32,"column":1}},"line":14},"1":{"name":"(anonymous_1)","decl":{"start":{"line":25,"column":16},"end":{"line":25,"column":17}},"loc":{"start":{"line":25,"column":41},"end":{"line":30,"column":2}},"line":25},"2":{"name":"resolveLineToTag","decl":{"start":{"line":36,"column":9},"end":{"line":36,"column":25}},"loc":{"start":{"line":36,"column":34},"end":{"line":42,"column":1}},"line":36},"3":{"name":"isValidHeader","decl":{"start":{"line":46,"column":9},"end":{"line":46,"column":22}},"loc":{"start":{"line":46,"column":31},"end":{"line":57,"column":1}},"line":46},"4":{"name":"createParagraphTag","decl":{"start":{"line":59,"column":9},"end":{"line":59,"column":27}},"loc":{"start":{"line":59,"column":36},"end":{"line":61,"column":1}},"line":59},"5":{"name":"createHeaderTag","decl":{"start":{"line":63,"column":9},"end":{"line":63,"column":24}},"loc":{"start":{"line":63,"column":33},"end":{"line":70,"column":1}},"line":63},"6":{"name":"resolveInlineTags","decl":{"start":{"line":73,"column":9},"end":{"line":73,"column":26}},"loc":{"start":{"line":73,"column":35},"end":{"line":80,"column":1}},"line":73},"7":{"name":"(anonymous_7)","decl":{"start":{"line":75,"column":45},"end":{"line":75,"column":46}},"loc":{"start":{"line":75,"column":58},"end":{"line":77,"column":2}},"line":75},"8":{"name":"createLinkTags","decl":{"start":{"line":82,"column":9},"end":{"line":82,"column":23}},"loc":{"start":{"line":82,"column":32},"end":{"line":84,"column":1}},"line":82}},"branchMap":{"0":{"loc":{"start":{"line":17,"column":1},"end":{"line":20,"column":2}},"type":"if","locations":[{"start":{"line":17,"column":1},"end":{"line":20,"column":2}},{"start":{},"end":{}}],"line":17},"1":{"loc":{"start":{"line":38,"column":1},"end":{"line":39,"column":28}},"type":"if","locations":[{"start":{"line":38,"column":1},"end":{"line":39,"column":28}},{"start":{"line":39,"column":6},"end":{"line":39,"column":28}}],"line":38},"2":{"loc":{"start":{"line":50,"column":1},"end":{"line":55,"column":2}},"type":"if","locations":[{"start":{"line":50,"column":1},"end":{"line":55,"column":2}},{"start":{},"end":{}}],"line":50},"3":{"loc":{"start":{"line":54,"column":2},"end":{"line":54,"column":30}},"type":"if","locations":[{"start":{"line":54,"column":2},"end":{"line":54,"column":30}},{"start":{},"end":{}}],"line":54},"4":{"loc":{"start":{"line":65,"column":20},"end":{"line":65,"column":49}},"type":"cond-expr","locations":[{"start":{"line":65,"column":36},"end":{"line":65,"column":37}},{"start":{"line":65,"column":40},"end":{"line":65,"column":49}}],"line":65}},"s":{"0":1,"1":1,"2":1,"3":1,"4":1,"5":18,"6":18,"7":18,"8":1,"9":1,"10":17,"11":17,"12":17,"13":17,"14":17,"15":21,"16":21,"17":17,"18":21,"19":21,"20":7,"21":14,"22":21,"23":21,"24":21,"25":21,"26":21,"27":21,"28":8,"29":8,"30":8,"31":7,"32":21,"33":14,"34":7,"35":7,"36":7,"37":7,"38":7,"39":7,"40":21,"41":21,"42":21,"43":21,"44":21,"45":21,"46":1},"f":{"0":18,"1":21,"2":21,"3":21,"4":14,"5":7,"6":21,"7":21,"8":21},"b":{"0":[1,17],"1":[7,14],"2":[8,13],"3":[7,1],"4":[1,6]},"_coverageSchema":"1a1c01bbd47fc00a2c39e90264f33305004495a9","hash":"d90e647278e88b676a8c5e2642d5f91b040ccb8b"}
}
