TN:
SF:src\converter.js
FN:14,getHtmlText
FN:25,(anonymous_1)
FN:36,resolveLineToTag
FN:46,isValidHeader
FN:59,createParagraphTag
FN:63,createHeaderTag
FN:73,resolveInlineTags
FN:75,(anonymous_7)
FN:82,createLinkTags
FNF:9
FNH:9
FNDA:18,getHtmlText
FNDA:21,(anonymous_1)
FNDA:21,resolveLineToTag
FNDA:21,isValidHeader
FNDA:14,createParagraphTag
FNDA:7,createHeaderTag
FNDA:21,resolveInlineTags
FNDA:21,(anonymous_7)
FNDA:21,createLinkTags
DA:1,1
DA:2,1
DA:3,1
DA:5,1
DA:10,1
DA:15,18
DA:16,18
DA:17,18
DA:18,1
DA:19,1
DA:21,17
DA:22,17
DA:23,17
DA:24,17
DA:25,17
DA:26,21
DA:29,21
DA:31,17
DA:37,21
DA:38,21
DA:39,14
DA:40,21
DA:41,21
DA:47,21
DA:48,21
DA:49,21
DA:50,21
DA:52,8
DA:53,8
DA:54,8
DA:56,21
DA:60,14
DA:64,7
DA:65,7
DA:66,7
DA:67,7
DA:68,7
DA:69,7
DA:74,21
DA:75,21
DA:76,21
DA:78,21
DA:79,21
DA:83,21
DA:85,1
LF:45
LH:45
BRDA:17,0,0,1
BRDA:17,0,1,17
BRDA:38,1,0,7
BRDA:38,1,1,14
BRDA:50,2,0,8
BRDA:50,2,1,13
BRDA:54,3,0,7
BRDA:54,3,1,1
BRDA:65,4,0,1
BRDA:65,4,1,6
BRF:10
BRH:10
end_of_record
